#
# There is insufficient memory for the Java Runtime Environment to continue.
# Native memory allocation (malloc) failed to allocate 32744 bytes. Error detail: Chunk::new
# Possible reasons:
#   The system is out of physical RAM or swap space
#   This process is running with CompressedOops enabled, and the Java Heap may be blocking the growth of the native heap
# Possible solutions:
#   Reduce memory load on the system
#   Increase physical memory or swap space
#   Check if swap backing store is full
#   Decrease Java heap size (-Xmx/-Xms)
#   Decrease number of Java threads
#   Decrease Java thread stack sizes (-Xss)
#   Set larger code cache with -XX:ReservedCodeCacheSize=
#   JVM is running with Unscaled Compressed Oops mode in which the Java heap is
#     placed in the first 4GB address space. The Java Heap base address is the
#     maximum limit for the native heap growth. Please use -XX:HeapBaseMinAddress
#     to set the Java Heap base and to place the Java Heap above 4GB virtual address.
# This output file may be truncated or incomplete.
#
#  Out of Memory Error (arena.cpp:150), pid=5504, tid=8780
#
# JRE version: Java(TM) SE Runtime Environment (22.0.1+8) (build 22.0.1+8-16)
# Java VM: Java HotSpot(TM) 64-Bit Server VM (22.0.1+8-16, mixed mode, emulated-client, sharing, tiered, compressed oops, compressed class ptrs, g1 gc, windows-amd64)
# No core dump will be written. Minidumps are not enabled by default on client versions of Windows
#

---------------  S U M M A R Y ------------

Command Line: -XX:TieredStopAtLevel=1 -Dspring.output.ansi.enabled=always -Dcom.sun.management.jmxremote -Dspring.jmx.enabled=true -Dspring.liveBeansView.mbeanDomain -Dspring.application.admin.enabled=true -Dmanagement.endpoints.jmx.exposure.include=* -javaagent:D:\IntelliJ IDEA 2024.2.3\lib\idea_rt.jar=65389:D:\IntelliJ IDEA 2024.2.3\bin -Dfile.encoding=UTF-8 -Dsun.stdout.encoding=UTF-8 -Dsun.stderr.encoding=UTF-8 com.example.start.StartApplication

Host: Intel(R) Core(TM) i3-7100U CPU @ 2.40GHz, 4 cores, 7G,  Windows 10 , 64 bit Build 19041 (10.0.19041.4957)
Time: Fri Oct 18 21:51:08 2024 SE Asia Standard Time elapsed time: 1.587117 seconds (0d 0h 0m 1s)

---------------  T H R E A D  ---------------

Current thread (0x00000294c56e8670):  JavaThread "C1 CompilerThread2" daemon [_thread_in_native, id=8780, stack(0x000000acd6900000,0x000000acd6a00000) (1024K)]


Current CompileTask:
C1:1587 1383       1       java.io.WinNTFileSystem::resolve (349 bytes)

Stack: [0x000000acd6900000,0x000000acd6a00000]
Native frames: (J=compiled Java code, j=interpreted, Vv=VM code, C=native code)
V  [jvm.dll+0x6e2279]  (no source info available)
V  [jvm.dll+0x874e33]  (no source info available)
V  [jvm.dll+0x87725e]  (no source info available)
V  [jvm.dll+0x877933]  (no source info available)
V  [jvm.dll+0x27fd76]  (no source info available)
V  [jvm.dll+0xc3d0f]  (no source info available)
V  [jvm.dll+0xc3f6b]  (no source info available)
V  [jvm.dll+0x1571d5]  (no source info available)
V  [jvm.dll+0x163166]  (no source info available)
V  [jvm.dll+0x166436]  (no source info available)
V  [jvm.dll+0x165e26]  (no source info available)
V  [jvm.dll+0x15d70a]  (no source info available)
V  [jvm.dll+0x15f96d]  (no source info available)
V  [jvm.dll+0x15deac]  (no source info available)
V  [jvm.dll+0x166941]  (no source info available)
V  [jvm.dll+0x165e26]  (no source info available)
V  [jvm.dll+0x15d70a]  (no source info available)
V  [jvm.dll+0x15f96d]  (no source info available)
V  [jvm.dll+0x15dfa5]  (no source info available)
V  [jvm.dll+0x166941]  (no source info available)
V  [jvm.dll+0x165e26]  (no source info available)
V  [jvm.dll+0x15d70a]  (no source info available)
V  [jvm.dll+0x15f96d]  (no source info available)
V  [jvm.dll+0x15dfa5]  (no source info available)
V  [jvm.dll+0x157a2f]  (no source info available)
V  [jvm.dll+0x167a86]  (no source info available)
V  [jvm.dll+0x1530bb]  (no source info available)
V  [jvm.dll+0x153507]  (no source info available)
V  [jvm.dll+0x1538a0]  (no source info available)
V  [jvm.dll+0x152c1d]  (no source info available)
V  [jvm.dll+0x154add]  (no source info available)
V  [jvm.dll+0x2569fe]  (no source info available)
V  [jvm.dll+0x254cba]  (no source info available)
V  [jvm.dll+0x3f5336]  (no source info available)
V  [jvm.dll+0x81d44b]  (no source info available)
V  [jvm.dll+0x6e0915]  (no source info available)
C  [ucrtbase.dll+0x21bb2]  (no source info available)
C  [KERNEL32.DLL+0x17374]  (no source info available)
C  [ntdll.dll+0x4cc91]  (no source info available)


---------------  P R O C E S S  ---------------

Threads class SMR info:
_java_thread_list=0x00000294c5691530, length=14, elements={
0x00000294daeacbc0, 0x00000294ece22300, 0x00000294ece243e0, 0x00000294ece272c0,
0x00000294ece29630, 0x00000294ece2a4b0, 0x00000294ece2af10, 0x00000294ece2b970,
0x00000294ecdedf40, 0x00000294c555a210, 0x00000294c555f550, 0x00000294c55b24e0,
0x00000294c56e8670, 0x00000294c571a460
}

Java Threads: ( => current thread )
  0x00000294daeacbc0 JavaThread "main"                              [_thread_in_vm, id=14648, stack(0x000000acd5600000,0x000000acd5700000) (1024K)]
  0x00000294ece22300 JavaThread "Reference Handler"          daemon [_thread_blocked, id=2836, stack(0x000000acd5e00000,0x000000acd5f00000) (1024K)]
  0x00000294ece243e0 JavaThread "Finalizer"                  daemon [_thread_blocked, id=240, stack(0x000000acd5f00000,0x000000acd6000000) (1024K)]
  0x00000294ece272c0 JavaThread "Signal Dispatcher"          daemon [_thread_blocked, id=9788, stack(0x000000acd6000000,0x000000acd6100000) (1024K)]
  0x00000294ece29630 JavaThread "Attach Listener"            daemon [_thread_blocked, id=9912, stack(0x000000acd6100000,0x000000acd6200000) (1024K)]
  0x00000294ece2a4b0 JavaThread "Service Thread"             daemon [_thread_blocked, id=15272, stack(0x000000acd6200000,0x000000acd6300000) (1024K)]
  0x00000294ece2af10 JavaThread "Monitor Deflation Thread"   daemon [_thread_blocked, id=6140, stack(0x000000acd6300000,0x000000acd6400000) (1024K)]
  0x00000294ece2b970 JavaThread "C1 CompilerThread0"         daemon [_thread_blocked, id=7792, stack(0x000000acd6400000,0x000000acd6500000) (1024K)]
  0x00000294ecdedf40 JavaThread "Common-Cleaner"             daemon [_thread_blocked, id=10740, stack(0x000000acd6500000,0x000000acd6600000) (1024K)]
  0x00000294c555a210 JavaThread "Monitor Ctrl-Break"         daemon [_thread_in_native, id=2936, stack(0x000000acd6600000,0x000000acd6700000) (1024K)]
  0x00000294c555f550 JavaThread "Notification Thread"        daemon [_thread_blocked, id=7108, stack(0x000000acd6700000,0x000000acd6800000) (1024K)]
  0x00000294c55b24e0 JavaThread "C1 CompilerThread1"         daemon [_thread_blocked, id=6556, stack(0x000000acd6800000,0x000000acd6900000) (1024K)]
=>0x00000294c56e8670 JavaThread "C1 CompilerThread2"         daemon [_thread_in_native, id=8780, stack(0x000000acd6900000,0x000000acd6a00000) (1024K)]
  0x00000294c571a460 JavaThread "RMI TCP Accept-0"           daemon [_thread_in_native, id=12644, stack(0x000000acd6d00000,0x000000acd6e00000) (1024K)]
Total: 14

Other Threads:
  0x00000294ece041b0 VMThread "VM Thread"                           [id=7884, stack(0x000000acd5d00000,0x000000acd5e00000) (1024K)]
  0x00000294ecdecd20 WatcherThread "VM Periodic Task Thread"        [id=5720, stack(0x000000acd5c00000,0x000000acd5d00000) (1024K)]
  0x00000294dcfe4b00 WorkerThread "GC Thread#0"                     [id=9696, stack(0x000000acd5700000,0x000000acd5800000) (1024K)]
  0x00000294c57b70c0 WorkerThread "GC Thread#1"                     [id=6716, stack(0x000000acd6a00000,0x000000acd6b00000) (1024K)]
  0x00000294c57b7470 WorkerThread "GC Thread#2"                     [id=15264, stack(0x000000acd6b00000,0x000000acd6c00000) (1024K)]
  0x00000294c57d99d0 WorkerThread "GC Thread#3"                     [id=9208, stack(0x000000acd6c00000,0x000000acd6d00000) (1024K)]
  0x00000294dcff5e90 ConcurrentGCThread "G1 Main Marker"            [id=976, stack(0x000000acd5800000,0x000000acd5900000) (1024K)]
  0x00000294dcff68b0 WorkerThread "G1 Conc#0"                       [id=5660, stack(0x000000acd5900000,0x000000acd5a00000) (1024K)]
  0x00000294dd04e780 ConcurrentGCThread "G1 Refine#0"               [id=13224, stack(0x000000acd5a00000,0x000000acd5b00000) (1024K)]
  0x00000294eccb2560 ConcurrentGCThread "G1 Service"                [id=10456, stack(0x000000acd5b00000,0x000000acd5c00000) (1024K)]
Total: 10

Threads with active compile tasks:
C1 CompilerThread2  1749 1383       1       java.io.WinNTFileSystem::resolve (349 bytes)
Total: 1

VM state: not at safepoint (normal execution)

VM Mutex/Monitor currently owned by a thread:  ([mutex/lock_event])
[0x00007ffbcff79b38] Metaspace_lock - owner thread: 0x00000294daeacbc0

Heap address: 0x0000000081c00000, size: 2020 MB, Compressed Oops mode: 32-bit

CDS archive(s) mapped at: [0x0000029480000000-0x0000029480c60000-0x0000029480c60000), size 12976128, SharedBaseAddress: 0x0000029480000000, ArchiveRelocationMode: 1.
Compressed class space mapped at: 0x0000029481000000-0x00000294c1000000, reserved size: 1073741824
Narrow klass base: 0x0000029480000000, Narrow klass shift: 0, Narrow klass range: 0x41000000

GC Precious Log:
 CardTable entry size: 512
 Card Set container configuration: InlinePtr #cards 5 size 8 Array Of Cards #cards 12 size 40 Howl #buckets 4 coarsen threshold 1843 Howl Bitmap #cards 512 size 80 coarsen threshold 460 Card regions per heap region 1 cards per card region 2048
 CPUs: 4 total, 4 available
 Memory: 8075M
 Large Page Support: Disabled
 NUMA Support: Disabled
 Compressed Oops: Enabled (32-bit)
 Heap Region Size: 1M
 Heap Min Capacity: 8M
 Heap Initial Capacity: 128M
 Heap Max Capacity: 2020M
 Pre-touch: Disabled
 Parallel Workers: 4
 Concurrent Workers: 1
 Concurrent Refinement Workers: 4
 Periodic GC: Disabled

Heap:
 garbage-first heap   total reserved 2068480K, committed 131072K, used 14937K [0x0000000081c00000, 0x0000000100000000)
  region size 1024K, 11 young (11264K), 2 survivors (2048K)
 Metaspace       used 7190K, committed 7424K, reserved 1114112K
  class space    used 888K, committed 960K, reserved 1048576K

Heap Regions: E=young(eden), S=young(survivor), O=old, HS=humongous(starts), HC=humongous(continues), CS=collection set, F=free, TAMS=top-at-mark-start, PB=parsable bottom
|   0|0x0000000081c00000, 0x0000000081d00000, 0x0000000081d00000|100%|HS|  |TAMS 0x0000000081c00000| PB 0x0000000081c00000| Complete |  0
|   1|0x0000000081d00000, 0x0000000081e00000, 0x0000000081e00000|100%| O|  |TAMS 0x0000000081d00000| PB 0x0000000081d00000| Untracked |  0
|   2|0x0000000081e00000, 0x0000000081f00000, 0x0000000081f00000|100%| O|  |TAMS 0x0000000081e00000| PB 0x0000000081e00000| Untracked |  0
|   3|0x0000000081f00000, 0x0000000082000000, 0x0000000082000000|100%| O|  |TAMS 0x0000000081f00000| PB 0x0000000081f00000| Untracked |  0
|   4|0x0000000082000000, 0x0000000082096590, 0x0000000082100000| 58%| O|  |TAMS 0x0000000082000000| PB 0x0000000082000000| Untracked |  0
|   5|0x0000000082100000, 0x0000000082100000, 0x0000000082200000|  0%| F|  |TAMS 0x0000000082100000| PB 0x0000000082100000| Untracked |  0
|   6|0x0000000082200000, 0x0000000082200000, 0x0000000082300000|  0%| F|  |TAMS 0x0000000082200000| PB 0x0000000082200000| Untracked |  0
|   7|0x0000000082300000, 0x0000000082300000, 0x0000000082400000|  0%| F|  |TAMS 0x0000000082300000| PB 0x0000000082300000| Untracked |  0
|   8|0x0000000082400000, 0x0000000082400000, 0x0000000082500000|  0%| F|  |TAMS 0x0000000082400000| PB 0x0000000082400000| Untracked |  0
|   9|0x0000000082500000, 0x0000000082500000, 0x0000000082600000|  0%| F|  |TAMS 0x0000000082500000| PB 0x0000000082500000| Untracked |  0
|  10|0x0000000082600000, 0x0000000082600000, 0x0000000082700000|  0%| F|  |TAMS 0x0000000082600000| PB 0x0000000082600000| Untracked |  0
|  11|0x0000000082700000, 0x0000000082700000, 0x0000000082800000|  0%| F|  |TAMS 0x0000000082700000| PB 0x0000000082700000| Untracked |  0
|  12|0x0000000082800000, 0x0000000082800000, 0x0000000082900000|  0%| F|  |TAMS 0x0000000082800000| PB 0x0000000082800000| Untracked |  0
|  13|0x0000000082900000, 0x0000000082900000, 0x0000000082a00000|  0%| F|  |TAMS 0x0000000082900000| PB 0x0000000082900000| Untracked |  0
|  14|0x0000000082a00000, 0x0000000082a00000, 0x0000000082b00000|  0%| F|  |TAMS 0x0000000082a00000| PB 0x0000000082a00000| Untracked |  0
|  15|0x0000000082b00000, 0x0000000082b00000, 0x0000000082c00000|  0%| F|  |TAMS 0x0000000082b00000| PB 0x0000000082b00000| Untracked |  0
|  16|0x0000000082c00000, 0x0000000082c00000, 0x0000000082d00000|  0%| F|  |TAMS 0x0000000082c00000| PB 0x0000000082c00000| Untracked |  0
|  17|0x0000000082d00000, 0x0000000082d00000, 0x0000000082e00000|  0%| F|  |TAMS 0x0000000082d00000| PB 0x0000000082d00000| Untracked |  0
|  18|0x0000000082e00000, 0x0000000082e00000, 0x0000000082f00000|  0%| F|  |TAMS 0x0000000082e00000| PB 0x0000000082e00000| Untracked |  0
|  19|0x0000000082f00000, 0x0000000082f00000, 0x0000000083000000|  0%| F|  |TAMS 0x0000000082f00000| PB 0x0000000082f00000| Untracked |  0
|  20|0x0000000083000000, 0x0000000083000000, 0x0000000083100000|  0%| F|  |TAMS 0x0000000083000000| PB 0x0000000083000000| Untracked |  0
|  21|0x0000000083100000, 0x0000000083100000, 0x0000000083200000|  0%| F|  |TAMS 0x0000000083100000| PB 0x0000000083100000| Untracked |  0
|  22|0x0000000083200000, 0x0000000083200000, 0x0000000083300000|  0%| F|  |TAMS 0x0000000083200000| PB 0x0000000083200000| Untracked |  0
|  23|0x0000000083300000, 0x0000000083300000, 0x0000000083400000|  0%| F|  |TAMS 0x0000000083300000| PB 0x0000000083300000| Untracked |  0
|  24|0x0000000083400000, 0x0000000083400000, 0x0000000083500000|  0%| F|  |TAMS 0x0000000083400000| PB 0x0000000083400000| Untracked |  0
|  25|0x0000000083500000, 0x0000000083500000, 0x0000000083600000|  0%| F|  |TAMS 0x0000000083500000| PB 0x0000000083500000| Untracked |  0
|  26|0x0000000083600000, 0x0000000083600000, 0x0000000083700000|  0%| F|  |TAMS 0x0000000083600000| PB 0x0000000083600000| Untracked |  0
|  27|0x0000000083700000, 0x0000000083700000, 0x0000000083800000|  0%| F|  |TAMS 0x0000000083700000| PB 0x0000000083700000| Untracked |  0
|  28|0x0000000083800000, 0x0000000083800000, 0x0000000083900000|  0%| F|  |TAMS 0x0000000083800000| PB 0x0000000083800000| Untracked |  0
|  29|0x0000000083900000, 0x0000000083900000, 0x0000000083a00000|  0%| F|  |TAMS 0x0000000083900000| PB 0x0000000083900000| Untracked |  0
|  30|0x0000000083a00000, 0x0000000083a00000, 0x0000000083b00000|  0%| F|  |TAMS 0x0000000083a00000| PB 0x0000000083a00000| Untracked |  0
|  31|0x0000000083b00000, 0x0000000083b00000, 0x0000000083c00000|  0%| F|  |TAMS 0x0000000083b00000| PB 0x0000000083b00000| Untracked |  0
|  32|0x0000000083c00000, 0x0000000083c00000, 0x0000000083d00000|  0%| F|  |TAMS 0x0000000083c00000| PB 0x0000000083c00000| Untracked |  0
|  33|0x0000000083d00000, 0x0000000083d00000, 0x0000000083e00000|  0%| F|  |TAMS 0x0000000083d00000| PB 0x0000000083d00000| Untracked |  0
|  34|0x0000000083e00000, 0x0000000083e00000, 0x0000000083f00000|  0%| F|  |TAMS 0x0000000083e00000| PB 0x0000000083e00000| Untracked |  0
|  35|0x0000000083f00000, 0x0000000083f00000, 0x0000000084000000|  0%| F|  |TAMS 0x0000000083f00000| PB 0x0000000083f00000| Untracked |  0
|  36|0x0000000084000000, 0x0000000084000000, 0x0000000084100000|  0%| F|  |TAMS 0x0000000084000000| PB 0x0000000084000000| Untracked |  0
|  37|0x0000000084100000, 0x0000000084100000, 0x0000000084200000|  0%| F|  |TAMS 0x0000000084100000| PB 0x0000000084100000| Untracked |  0
|  38|0x0000000084200000, 0x0000000084200000, 0x0000000084300000|  0%| F|  |TAMS 0x0000000084200000| PB 0x0000000084200000| Untracked |  0
|  39|0x0000000084300000, 0x0000000084300000, 0x0000000084400000|  0%| F|  |TAMS 0x0000000084300000| PB 0x0000000084300000| Untracked |  0
|  40|0x0000000084400000, 0x0000000084400000, 0x0000000084500000|  0%| F|  |TAMS 0x0000000084400000| PB 0x0000000084400000| Untracked |  0
|  41|0x0000000084500000, 0x0000000084500000, 0x0000000084600000|  0%| F|  |TAMS 0x0000000084500000| PB 0x0000000084500000| Untracked |  0
|  42|0x0000000084600000, 0x0000000084600000, 0x0000000084700000|  0%| F|  |TAMS 0x0000000084600000| PB 0x0000000084600000| Untracked |  0
|  43|0x0000000084700000, 0x0000000084700000, 0x0000000084800000|  0%| F|  |TAMS 0x0000000084700000| PB 0x0000000084700000| Untracked |  0
|  44|0x0000000084800000, 0x0000000084800000, 0x0000000084900000|  0%| F|  |TAMS 0x0000000084800000| PB 0x0000000084800000| Untracked |  0
|  45|0x0000000084900000, 0x0000000084900000, 0x0000000084a00000|  0%| F|  |TAMS 0x0000000084900000| PB 0x0000000084900000| Untracked |  0
|  46|0x0000000084a00000, 0x0000000084a00000, 0x0000000084b00000|  0%| F|  |TAMS 0x0000000084a00000| PB 0x0000000084a00000| Untracked |  0
|  47|0x0000000084b00000, 0x0000000084b00000, 0x0000000084c00000|  0%| F|  |TAMS 0x0000000084b00000| PB 0x0000000084b00000| Untracked |  0
|  48|0x0000000084c00000, 0x0000000084c00000, 0x0000000084d00000|  0%| F|  |TAMS 0x0000000084c00000| PB 0x0000000084c00000| Untracked |  0
|  49|0x0000000084d00000, 0x0000000084d00000, 0x0000000084e00000|  0%| F|  |TAMS 0x0000000084d00000| PB 0x0000000084d00000| Untracked |  0
|  50|0x0000000084e00000, 0x0000000084e00000, 0x0000000084f00000|  0%| F|  |TAMS 0x0000000084e00000| PB 0x0000000084e00000| Untracked |  0
|  51|0x0000000084f00000, 0x0000000084f00000, 0x0000000085000000|  0%| F|  |TAMS 0x0000000084f00000| PB 0x0000000084f00000| Untracked |  0
|  52|0x0000000085000000, 0x0000000085000000, 0x0000000085100000|  0%| F|  |TAMS 0x0000000085000000| PB 0x0000000085000000| Untracked |  0
|  53|0x0000000085100000, 0x0000000085100000, 0x0000000085200000|  0%| F|  |TAMS 0x0000000085100000| PB 0x0000000085100000| Untracked |  0
|  54|0x0000000085200000, 0x0000000085200000, 0x0000000085300000|  0%| F|  |TAMS 0x0000000085200000| PB 0x0000000085200000| Untracked |  0
|  55|0x0000000085300000, 0x0000000085300000, 0x0000000085400000|  0%| F|  |TAMS 0x0000000085300000| PB 0x0000000085300000| Untracked |  0
|  56|0x0000000085400000, 0x0000000085400000, 0x0000000085500000|  0%| F|  |TAMS 0x0000000085400000| PB 0x0000000085400000| Untracked |  0
|  57|0x0000000085500000, 0x0000000085500000, 0x0000000085600000|  0%| F|  |TAMS 0x0000000085500000| PB 0x0000000085500000| Untracked |  0
|  58|0x0000000085600000, 0x0000000085600000, 0x0000000085700000|  0%| F|  |TAMS 0x0000000085600000| PB 0x0000000085600000| Untracked |  0
|  59|0x0000000085700000, 0x0000000085700000, 0x0000000085800000|  0%| F|  |TAMS 0x0000000085700000| PB 0x0000000085700000| Untracked |  0
|  60|0x0000000085800000, 0x0000000085800000, 0x0000000085900000|  0%| F|  |TAMS 0x0000000085800000| PB 0x0000000085800000| Untracked |  0
|  61|0x0000000085900000, 0x0000000085900000, 0x0000000085a00000|  0%| F|  |TAMS 0x0000000085900000| PB 0x0000000085900000| Untracked |  0
|  62|0x0000000085a00000, 0x0000000085a00000, 0x0000000085b00000|  0%| F|  |TAMS 0x0000000085a00000| PB 0x0000000085a00000| Untracked |  0
|  63|0x0000000085b00000, 0x0000000085b00000, 0x0000000085c00000|  0%| F|  |TAMS 0x0000000085b00000| PB 0x0000000085b00000| Untracked |  0
|  64|0x0000000085c00000, 0x0000000085c00000, 0x0000000085d00000|  0%| F|  |TAMS 0x0000000085c00000| PB 0x0000000085c00000| Untracked |  0
|  65|0x0000000085d00000, 0x0000000085d00000, 0x0000000085e00000|  0%| F|  |TAMS 0x0000000085d00000| PB 0x0000000085d00000| Untracked |  0
|  66|0x0000000085e00000, 0x0000000085e00000, 0x0000000085f00000|  0%| F|  |TAMS 0x0000000085e00000| PB 0x0000000085e00000| Untracked |  0
|  67|0x0000000085f00000, 0x0000000085f00000, 0x0000000086000000|  0%| F|  |TAMS 0x0000000085f00000| PB 0x0000000085f00000| Untracked |  0
|  68|0x0000000086000000, 0x0000000086000000, 0x0000000086100000|  0%| F|  |TAMS 0x0000000086000000| PB 0x0000000086000000| Untracked |  0
|  69|0x0000000086100000, 0x0000000086100000, 0x0000000086200000|  0%| F|  |TAMS 0x0000000086100000| PB 0x0000000086100000| Untracked |  0
|  70|0x0000000086200000, 0x0000000086200000, 0x0000000086300000|  0%| F|  |TAMS 0x0000000086200000| PB 0x0000000086200000| Untracked |  0
|  71|0x0000000086300000, 0x0000000086300000, 0x0000000086400000|  0%| F|  |TAMS 0x0000000086300000| PB 0x0000000086300000| Untracked |  0
|  72|0x0000000086400000, 0x0000000086400000, 0x0000000086500000|  0%| F|  |TAMS 0x0000000086400000| PB 0x0000000086400000| Untracked |  0
|  73|0x0000000086500000, 0x0000000086500000, 0x0000000086600000|  0%| F|  |TAMS 0x0000000086500000| PB 0x0000000086500000| Untracked |  0
|  74|0x0000000086600000, 0x0000000086600000, 0x0000000086700000|  0%| F|  |TAMS 0x0000000086600000| PB 0x0000000086600000| Untracked |  0
|  75|0x0000000086700000, 0x0000000086700000, 0x0000000086800000|  0%| F|  |TAMS 0x0000000086700000| PB 0x0000000086700000| Untracked |  0
|  76|0x0000000086800000, 0x0000000086800000, 0x0000000086900000|  0%| F|  |TAMS 0x0000000086800000| PB 0x0000000086800000| Untracked |  0
|  77|0x0000000086900000, 0x0000000086900000, 0x0000000086a00000|  0%| F|  |TAMS 0x0000000086900000| PB 0x0000000086900000| Untracked |  0
|  78|0x0000000086a00000, 0x0000000086a00000, 0x0000000086b00000|  0%| F|  |TAMS 0x0000000086a00000| PB 0x0000000086a00000| Untracked |  0
|  79|0x0000000086b00000, 0x0000000086b00000, 0x0000000086c00000|  0%| F|  |TAMS 0x0000000086b00000| PB 0x0000000086b00000| Untracked |  0
|  80|0x0000000086c00000, 0x0000000086c00000, 0x0000000086d00000|  0%| F|  |TAMS 0x0000000086c00000| PB 0x0000000086c00000| Untracked |  0
|  81|0x0000000086d00000, 0x0000000086d00000, 0x0000000086e00000|  0%| F|  |TAMS 0x0000000086d00000| PB 0x0000000086d00000| Untracked |  0
|  82|0x0000000086e00000, 0x0000000086e00000, 0x0000000086f00000|  0%| F|  |TAMS 0x0000000086e00000| PB 0x0000000086e00000| Untracked |  0
|  83|0x0000000086f00000, 0x0000000086f00000, 0x0000000087000000|  0%| F|  |TAMS 0x0000000086f00000| PB 0x0000000086f00000| Untracked |  0
|  84|0x0000000087000000, 0x0000000087000000, 0x0000000087100000|  0%| F|  |TAMS 0x0000000087000000| PB 0x0000000087000000| Untracked |  0
|  85|0x0000000087100000, 0x0000000087100000, 0x0000000087200000|  0%| F|  |TAMS 0x0000000087100000| PB 0x0000000087100000| Untracked |  0
|  86|0x0000000087200000, 0x0000000087200000, 0x0000000087300000|  0%| F|  |TAMS 0x0000000087200000| PB 0x0000000087200000| Untracked |  0
|  87|0x0000000087300000, 0x0000000087300000, 0x0000000087400000|  0%| F|  |TAMS 0x0000000087300000| PB 0x0000000087300000| Untracked |  0
|  88|0x0000000087400000, 0x0000000087400000, 0x0000000087500000|  0%| F|  |TAMS 0x0000000087400000| PB 0x0000000087400000| Untracked |  0
|  89|0x0000000087500000, 0x0000000087500000, 0x0000000087600000|  0%| F|  |TAMS 0x0000000087500000| PB 0x0000000087500000| Untracked |  0
|  90|0x0000000087600000, 0x0000000087600000, 0x0000000087700000|  0%| F|  |TAMS 0x0000000087600000| PB 0x0000000087600000| Untracked |  0
|  91|0x0000000087700000, 0x0000000087700000, 0x0000000087800000|  0%| F|  |TAMS 0x0000000087700000| PB 0x0000000087700000| Untracked |  0
|  92|0x0000000087800000, 0x0000000087800000, 0x0000000087900000|  0%| F|  |TAMS 0x0000000087800000| PB 0x0000000087800000| Untracked |  0
|  93|0x0000000087900000, 0x0000000087900000, 0x0000000087a00000|  0%| F|  |TAMS 0x0000000087900000| PB 0x0000000087900000| Untracked |  0
|  94|0x0000000087a00000, 0x0000000087a00000, 0x0000000087b00000|  0%| F|  |TAMS 0x0000000087a00000| PB 0x0000000087a00000| Untracked |  0
|  95|0x0000000087b00000, 0x0000000087b00000, 0x0000000087c00000|  0%| F|  |TAMS 0x0000000087b00000| PB 0x0000000087b00000| Untracked |  0
|  96|0x0000000087c00000, 0x0000000087c00000, 0x0000000087d00000|  0%| F|  |TAMS 0x0000000087c00000| PB 0x0000000087c00000| Untracked |  0
|  97|0x0000000087d00000, 0x0000000087d00000, 0x0000000087e00000|  0%| F|  |TAMS 0x0000000087d00000| PB 0x0000000087d00000| Untracked |  0
|  98|0x0000000087e00000, 0x0000000087e00000, 0x0000000087f00000|  0%| F|  |TAMS 0x0000000087e00000| PB 0x0000000087e00000| Untracked |  0
|  99|0x0000000087f00000, 0x0000000087f00000, 0x0000000088000000|  0%| F|  |TAMS 0x0000000087f00000| PB 0x0000000087f00000| Untracked |  0
| 100|0x0000000088000000, 0x0000000088000000, 0x0000000088100000|  0%| F|  |TAMS 0x0000000088000000| PB 0x0000000088000000| Untracked |  0
| 101|0x0000000088100000, 0x0000000088100000, 0x0000000088200000|  0%| F|  |TAMS 0x0000000088100000| PB 0x0000000088100000| Untracked |  0
| 102|0x0000000088200000, 0x0000000088200000, 0x0000000088300000|  0%| F|  |TAMS 0x0000000088200000| PB 0x0000000088200000| Untracked |  0
| 103|0x0000000088300000, 0x0000000088300000, 0x0000000088400000|  0%| F|  |TAMS 0x0000000088300000| PB 0x0000000088300000| Untracked |  0
| 104|0x0000000088400000, 0x0000000088400000, 0x0000000088500000|  0%| F|  |TAMS 0x0000000088400000| PB 0x0000000088400000| Untracked |  0
| 105|0x0000000088500000, 0x0000000088500000, 0x0000000088600000|  0%| F|  |TAMS 0x0000000088500000| PB 0x0000000088500000| Untracked |  0
| 106|0x0000000088600000, 0x0000000088600000, 0x0000000088700000|  0%| F|  |TAMS 0x0000000088600000| PB 0x0000000088600000| Untracked |  0
| 107|0x0000000088700000, 0x0000000088700000, 0x0000000088800000|  0%| F|  |TAMS 0x0000000088700000| PB 0x0000000088700000| Untracked |  0
| 108|0x0000000088800000, 0x0000000088800000, 0x0000000088900000|  0%| F|  |TAMS 0x0000000088800000| PB 0x0000000088800000| Untracked |  0
| 109|0x0000000088900000, 0x0000000088900000, 0x0000000088a00000|  0%| F|  |TAMS 0x0000000088900000| PB 0x0000000088900000| Untracked |  0
| 110|0x0000000088a00000, 0x0000000088a00000, 0x0000000088b00000|  0%| F|  |TAMS 0x0000000088a00000| PB 0x0000000088a00000| Untracked |  0
| 111|0x0000000088b00000, 0x0000000088b00000, 0x0000000088c00000|  0%| F|  |TAMS 0x0000000088b00000| PB 0x0000000088b00000| Untracked |  0
| 112|0x0000000088c00000, 0x0000000088d00000, 0x0000000088d00000|100%| S|CS|TAMS 0x0000000088c00000| PB 0x0000000088c00000| Complete |  0
| 113|0x0000000088d00000, 0x0000000088e00000, 0x0000000088e00000|100%| S|CS|TAMS 0x0000000088d00000| PB 0x0000000088d00000| Complete |  0
| 114|0x0000000088e00000, 0x0000000088e00000, 0x0000000088f00000|  0%| F|  |TAMS 0x0000000088e00000| PB 0x0000000088e00000| Untracked |  0
| 115|0x0000000088f00000, 0x0000000088f00000, 0x0000000089000000|  0%| F|  |TAMS 0x0000000088f00000| PB 0x0000000088f00000| Untracked |  0
| 116|0x0000000089000000, 0x0000000089000000, 0x0000000089100000|  0%| F|  |TAMS 0x0000000089000000| PB 0x0000000089000000| Untracked |  0
| 117|0x0000000089100000, 0x0000000089100000, 0x0000000089200000|  0%| F|  |TAMS 0x0000000089100000| PB 0x0000000089100000| Untracked |  0
| 118|0x0000000089200000, 0x0000000089200000, 0x0000000089300000|  0%| F|  |TAMS 0x0000000089200000| PB 0x0000000089200000| Untracked |  0
| 119|0x0000000089300000, 0x00000000893b1c78, 0x0000000089400000| 69%| E|  |TAMS 0x0000000089300000| PB 0x0000000089300000| Complete |  0
| 120|0x0000000089400000, 0x0000000089500000, 0x0000000089500000|100%| E|CS|TAMS 0x0000000089400000| PB 0x0000000089400000| Complete |  0
| 121|0x0000000089500000, 0x0000000089600000, 0x0000000089600000|100%| E|CS|TAMS 0x0000000089500000| PB 0x0000000089500000| Complete |  0
| 122|0x0000000089600000, 0x0000000089700000, 0x0000000089700000|100%| E|CS|TAMS 0x0000000089600000| PB 0x0000000089600000| Complete |  0
| 123|0x0000000089700000, 0x0000000089800000, 0x0000000089800000|100%| E|CS|TAMS 0x0000000089700000| PB 0x0000000089700000| Complete |  0
| 124|0x0000000089800000, 0x0000000089900000, 0x0000000089900000|100%| E|CS|TAMS 0x0000000089800000| PB 0x0000000089800000| Complete |  0
| 125|0x0000000089900000, 0x0000000089a00000, 0x0000000089a00000|100%| E|CS|TAMS 0x0000000089900000| PB 0x0000000089900000| Complete |  0
| 126|0x0000000089a00000, 0x0000000089b00000, 0x0000000089b00000|100%| E|CS|TAMS 0x0000000089a00000| PB 0x0000000089a00000| Complete |  0
| 127|0x0000000089b00000, 0x0000000089c00000, 0x0000000089c00000|100%| E|CS|TAMS 0x0000000089b00000| PB 0x0000000089b00000| Complete |  0

Card table byte_map: [0x00000294e86d0000,0x00000294e8ad0000] _byte_map_base: 0x00000294e82c2000

Marking Bits: (CMBitMap*) 0x00000294dcfe5930
 Bits: [0x00000294e8ad0000, 0x00000294eaa60000)

Polling page: 0x00000294dc750000

Metaspace:

Usage:
  Non-class:      6.15 MB used.
      Class:    888.12 KB used.
       Both:      7.02 MB used.

Virtual space:
  Non-class space:       64.00 MB reserved,       6.31 MB ( 10%) committed,  1 nodes.
      Class space:        1.00 GB reserved,     960.00 KB ( <1%) committed,  1 nodes.
             Both:        1.06 GB reserved,       7.25 MB ( <1%) committed. 

Chunk freelists:
   Non-Class:  9.42 MB
       Class:  15.00 MB
        Both:  24.42 MB

MaxMetaspaceSize: unlimited
CompressedClassSpaceSize: 1.00 GB
Initial GC threshold: 21.00 MB
Current GC threshold: 21.00 MB
CDS: on
 - commit_granule_bytes: 65536.
 - commit_granule_words: 8192.
 - virtual_space_node_default_size: 8388608.
 - enlarge_chunks_in_place: 1.
 - use_allocation_guard: 0.


Internal statistics:

num_allocs_failed_limit: 0.
num_arena_births: 180.
num_arena_deaths: 0.
num_vsnodes_births: 2.
num_vsnodes_deaths: 0.
num_space_committed: 116.
num_space_uncommitted: 0.
num_chunks_returned_to_freelist: 0.
num_chunks_taken_from_freelist: 270.
num_chunk_merges: 0.
num_chunk_splits: 188.
num_chunks_enlarged: 126.
num_inconsistent_stats: 0.

CodeCache: size=49152Kb used=4485Kb max_used=4485Kb free=44666Kb
 bounds [0x00000294e52d0000, 0x00000294e5740000, 0x00000294e82d0000]
 total_blobs=1947 nmethods=1459 adapters=411
 compilation: disabled (not enough contiguous free space left)
              stopped_count=1, restarted_count=0
 full_count=1

Compilation events (20 events):
Event: 1.543 Thread 0x00000294ece2b970 1373       1       java.util.zip.ZipEntry::getName (5 bytes)
Event: 1.543 Thread 0x00000294ece2b970 nmethod 1373 0x00000294e5705a10 code [0x00000294e5705ba0, 0x00000294e5705c68]
Event: 1.553 Thread 0x00000294c55b24e0 1374       1       java.util.Properties::loadConvert (540 bytes)
Event: 1.555 Thread 0x00000294c55b24e0 nmethod 1374 0x00000294e5705d10 code [0x00000294e5705f60, 0x00000294e57066b8]
Event: 1.556 Thread 0x00000294ece2b970 1375       1       java.lang.Runtime$Version::feature (17 bytes)
Event: 1.557 Thread 0x00000294ece2b970 nmethod 1375 0x00000294e5706c10 code [0x00000294e5706dc0, 0x00000294e5706ef8]
Event: 1.559 Thread 0x00000294c55b24e0 1376       1       java.util.stream.AbstractPipeline::isParallel (8 bytes)
Event: 1.559 Thread 0x00000294c55b24e0 nmethod 1376 0x00000294e5706f90 code [0x00000294e5707120, 0x00000294e57071f8]
Event: 1.559 Thread 0x00000294ece2b970 1377       1       org.springframework.util.StringUtils::hasLength (17 bytes)
Event: 1.560 Thread 0x00000294ece2b970 nmethod 1377 0x00000294e5707290 code [0x00000294e5707420, 0x00000294e5707508]
Event: 1.560 Thread 0x00000294c56e8670 1378       1       java.util.stream.PipelineHelper::<init> (5 bytes)
Event: 1.560 Thread 0x00000294c55b24e0 1379       1       java.util.stream.AbstractPipeline::getStreamAndOpFlags (5 bytes)
Event: 1.560 Thread 0x00000294c56e8670 nmethod 1378 0x00000294e5707610 code [0x00000294e57077a0, 0x00000294e5707868]
Event: 1.560 Thread 0x00000294c55b24e0 nmethod 1379 0x00000294e5707910 code [0x00000294e5707aa0, 0x00000294e5707b68]
Event: 1.560 Thread 0x00000294ece2b970 1380       1       java.lang.invoke.TypeConvertingMethodAdapter::cast (42 bytes)
Event: 1.561 Thread 0x00000294ece2b970 nmethod 1380 0x00000294e5707c10 code [0x00000294e5707de0, 0x00000294e5707fa8]
Event: 1.566 Thread 0x00000294c55b24e0 1381       1       java.net.URLStreamHandler::parseURL (1124 bytes)
Event: 1.575 Thread 0x00000294ece2b970 1382       1       java.lang.String::<init> (10 bytes)
Event: 1.575 Thread 0x00000294ece2b970 nmethod 1382 0x00000294e5708110 code [0x00000294e57082a0, 0x00000294e5708398]
Event: 1.584 Thread 0x00000294c56e8670 1383       1       java.io.WinNTFileSystem::resolve (349 bytes)

GC Heap History (2 events):
Event: 1.129 GC heap before
{Heap before GC invocations=0 (full 0):
 garbage-first heap   total reserved 2068480K, committed 131072K, used 14336K [0x0000000081c00000, 0x0000000100000000)
  region size 1024K, 14 young (14336K), 0 survivors (0K)
 Metaspace       used 4101K, committed 4288K, reserved 1114112K
  class space    used 493K, committed 576K, reserved 1048576K
}
Event: 1.138 GC heap after
{Heap after GC invocations=1 (full 0):
 garbage-first heap   total reserved 2068480K, committed 131072K, used 6745K [0x0000000081c00000, 0x0000000100000000)
  region size 1024K, 2 young (2048K), 2 survivors (2048K)
 Metaspace       used 4101K, committed 4288K, reserved 1114112K
  class space    used 493K, committed 576K, reserved 1048576K
}

Dll operation events (11 events):
Event: 0.016 Loaded shared library C:\Program Files\Java\jdk-22\bin\java.dll
Event: 0.295 Loaded shared library C:\Program Files\Java\jdk-22\bin\zip.dll
Event: 0.301 Loaded shared library C:\Program Files\Java\jdk-22\bin\instrument.dll
Event: 0.326 Loaded shared library C:\Program Files\Java\jdk-22\bin\net.dll
Event: 0.329 Loaded shared library C:\Program Files\Java\jdk-22\bin\nio.dll
Event: 0.335 Loaded shared library C:\Program Files\Java\jdk-22\bin\zip.dll
Event: 0.539 Loaded shared library D:\IntelliJ IDEA 2024.2.3\bin\breakgen64.dll
Event: 0.553 Loaded shared library C:\Program Files\Java\jdk-22\bin\jimage.dll
Event: 0.561 Loaded shared library C:\Program Files\Java\jdk-22\bin\extnet.dll
Event: 0.595 Loaded shared library C:\Program Files\Java\jdk-22\bin\management.dll
Event: 0.627 Loaded shared library C:\Program Files\Java\jdk-22\bin\management_ext.dll

Deoptimization events (0 events):
No events

Classes loaded (20 events):
Event: 1.545 Loading class java/nio/file/NoSuchFileException
Event: 1.545 Loading class java/nio/file/FileSystemException
Event: 1.546 Loading class java/nio/file/FileSystemException done
Event: 1.546 Loading class java/nio/file/NoSuchFileException done
Event: 1.546 Loading class java/io/UncheckedIOException
Event: 1.546 Loading class java/io/UncheckedIOException done
Event: 1.549 Loading class java/net/HttpURLConnection
Event: 1.550 Loading class java/net/HttpURLConnection done
Event: 1.553 Loading class java/net/URLDecoder
Event: 1.553 Loading class java/net/URLDecoder done
Event: 1.561 Loading class java/util/stream/DistinctOps
Event: 1.561 Loading class java/util/stream/DistinctOps done
Event: 1.561 Loading class java/util/stream/DistinctOps$1
Event: 1.562 Loading class java/util/stream/ReferencePipeline$StatefulOp
Event: 1.562 Loading class java/util/stream/ReferencePipeline$StatefulOp done
Event: 1.562 Loading class java/util/stream/DistinctOps$1 done
Event: 1.562 Loading class java/util/stream/DistinctOps$1$2
Event: 1.562 Loading class java/util/stream/DistinctOps$1$2 done
Event: 1.577 Loading class java/lang/reflect/UndeclaredThrowableException
Event: 1.577 Loading class java/lang/reflect/UndeclaredThrowableException done

Classes unloaded (0 events):
No events

Classes redefined (0 events):
No events

Internal exceptions (20 events):
Event: 0.531 Thread 0x00000294daeacbc0 Exception <a 'java/lang/NoSuchMethodError'{0x0000000089414598}: 'java.lang.Object java.lang.invoke.Invokers$Holder.invokeExact_MT(java.lang.Object, java.lang.Object, java.lang.Object, java.lang.Object, java.lang.Object)'> (0x0000000089414598) 
thrown [s\open\src\hotspot\share\interpreter\linkResolver.cpp, line 774]
Event: 0.563 Thread 0x00000294c555a210 Exception <a 'java/lang/NoSuchMethodError'{0x00000000894509f0}: 'void java.lang.invoke.DirectMethodHandle$Holder.invokeStatic(java.lang.Object, java.lang.Object)'> (0x00000000894509f0) 
thrown [s\open\src\hotspot\share\interpreter\linkResolver.cpp, line 774]
Event: 0.635 Thread 0x00000294daeacbc0 Exception <a 'java/lang/NoSuchMethodError'{0x00000000894a22a0}: 'int java.lang.invoke.DirectMethodHandle$Holder.invokeInterface(java.lang.Object, java.lang.Object)'> (0x00000000894a22a0) 
thrown [s\open\src\hotspot\share\interpreter\linkResolver.cpp, line 774]
Event: 0.636 Thread 0x00000294daeacbc0 Exception <a 'java/lang/IncompatibleClassChangeError'{0x00000000894a55c8}: Found class java.lang.Object, but interface was expected> (0x00000000894a55c8) 
thrown [s\open\src\hotspot\share\interpreter\linkResolver.cpp, line 841]
Event: 0.755 Thread 0x00000294daeacbc0 Exception <a 'java/lang/NoSuchMethodError'{0x000000008936f628}: 'int java.lang.invoke.DirectMethodHandle$Holder.invokeSpecial(java.lang.Object, java.lang.Object, java.lang.Object)'> (0x000000008936f628) 
thrown [s\open\src\hotspot\share\interpreter\linkResolver.cpp, line 774]
Event: 0.831 Thread 0x00000294daeacbc0 Exception <a 'java/lang/NoSuchMethodError'{0x000000008910b120}: 'java.lang.Object java.lang.invoke.DirectMethodHandle$Holder.invokeStaticInit(java.lang.Object, java.lang.Object, java.lang.Object)'> (0x000000008910b120) 
thrown [s\open\src\hotspot\share\interpreter\linkResolver.cpp, line 774]
Event: 0.992 Thread 0x00000294daeacbc0 Exception <a 'java/lang/NoSuchMethodError'{0x0000000088e59350}: 'int java.lang.invoke.DirectMethodHandle$Holder.invokeSpecialIFC(java.lang.Object, java.lang.Object, java.lang.Object)'> (0x0000000088e59350) 
thrown [s\open\src\hotspot\share\interpreter\linkResolver.cpp, line 774]
Event: 1.099 Thread 0x00000294daeacbc0 Exception <a 'java/lang/NoSuchMethodError'{0x0000000088ecb958}: 'java.lang.Object java.lang.invoke.DirectMethodHandle$Holder.invokeStaticInit(java.lang.Object, int, int, int, int)'> (0x0000000088ecb958) 
thrown [s\open\src\hotspot\share\interpreter\linkResolver.cpp, line 774]
Event: 1.148 Thread 0x00000294daeacbc0 Exception <a 'java/lang/NoSuchMethodError'{0x0000000089b36918}: 'java.lang.Object java.lang.invoke.DirectMethodHandle$Holder.invokeStaticInit(java.lang.Object, java.lang.Object, int, int, int, int)'> (0x0000000089b36918) 
thrown [s\open\src\hotspot\share\interpreter\linkResolver.cpp, line 774]
Event: 1.182 Thread 0x00000294daeacbc0 Exception <a 'java/lang/ClassNotFoundException'{0x0000000089baff68}: javax/management/remote/rmi/RMIServerImpl_Skel> (0x0000000089baff68) 
thrown [s\open\src\hotspot\share\classfile\systemDictionary.cpp, line 313]
Event: 1.213 Thread 0x00000294daeacbc0 Exception <a 'java/lang/NoSuchMethodError'{0x0000000089bcdf48}: 'long java.lang.invoke.DirectMethodHandle$Holder.invokeSpecial(java.lang.Object, java.lang.Object)'> (0x0000000089bcdf48) 
thrown [s\open\src\hotspot\share\interpreter\linkResolver.cpp, line 774]
Event: 1.213 Thread 0x00000294daeacbc0 Exception <a 'java/lang/NoSuchMethodError'{0x0000000089bd1620}: 'long java.lang.invoke.Invokers$Holder.invokeExact_MT(java.lang.Object, java.lang.Object)'> (0x0000000089bd1620) 
thrown [s\open\src\hotspot\share\interpreter\linkResolver.cpp, line 774]
Event: 1.219 Thread 0x00000294daeacbc0 Exception <a 'java/lang/NoSuchMethodError'{0x0000000089bf1af8}: 'void java.lang.invoke.DirectMethodHandle$Holder.invokeSpecial(java.lang.Object, java.lang.Object, java.lang.Object)'> (0x0000000089bf1af8) 
thrown [s\open\src\hotspot\share\interpreter\linkResolver.cpp, line 774]
Event: 1.338 Thread 0x00000294ece29630 Exception <a 'java/lang/NoSuchMethodError'{0x0000000089831488}: 'java.lang.Object java.lang.invoke.Invokers$Holder.invokeExact_MT(java.lang.Object, java.lang.Object, java.lang.Object, java.lang.Object, java.lang.Object, java.lang.Object)'> (0x0000000089831488) 
thrown [s\open\src\hotspot\share\interpreter\linkResolver.cpp, line 774]
Event: 1.400 Thread 0x00000294daeacbc0 Exception <a 'java/lang/ClassNotFoundException'{0x00000000898b92b8}: javax/smartcardio/CardPermission> (0x00000000898b92b8) 
thrown [s\open\src\hotspot\share\classfile\systemDictionary.cpp, line 313]
Event: 1.406 Thread 0x00000294daeacbc0 Exception <a 'java/io/FileNotFoundException'{0x00000000898c74d0}> (0x00000000898c74d0) 
thrown [s\open\src\hotspot\share\prims\jni.cpp, line 520]
Event: 1.439 Thread 0x00000294daeacbc0 Exception <a 'java/lang/NoSuchMethodError'{0x000000008974ce58}: 'java.lang.Object java.lang.invoke.DirectMethodHandle$Holder.invokeSpecial(java.lang.Object, java.lang.Object, java.lang.Object, long, java.lang.Object)'> (0x000000008974ce58) 
thrown [s\open\src\hotspot\share\interpreter\linkResolver.cpp, line 774]
Event: 1.440 Thread 0x00000294daeacbc0 Exception <a 'java/lang/NoSuchMethodError'{0x00000000897507b8}: 'java.lang.Object java.lang.invoke.Invokers$Holder.linkToTargetMethod(java.lang.Object, long, java.lang.Object, java.lang.Object)'> (0x00000000897507b8) 
thrown [s\open\src\hotspot\share\interpreter\linkResolver.cpp, line 774]
Event: 1.529 Thread 0x00000294daeacbc0 Exception <a 'java/lang/NoSuchMethodError'{0x00000000896bcc00}: 'void java.lang.invoke.DirectMethodHandle$Holder.invokeStatic(java.lang.Object, java.lang.Object, java.lang.Object, java.lang.Object)'> (0x00000000896bcc00) 
thrown [s\open\src\hotspot\share\interpreter\linkResolver.cpp, line 774]
Event: 1.579 Thread 0x00000294daeacbc0 Exception <a 'java/lang/NoSuchMethodError'{0x00000000895c3c40}: 'int java.lang.invoke.DirectMethodHandle$Holder.invokeStaticInit(java.lang.Object, java.lang.Object)'> (0x00000000895c3c40) 
thrown [s\open\src\hotspot\share\interpreter\linkResolver.cpp, line 774]

ZGC Phase Switch (0 events):
No events

VM Operations (14 events):
Event: 0.255 Executing VM operation: HandshakeAllThreads (Deoptimize)
Event: 0.255 Executing VM operation: HandshakeAllThreads (Deoptimize) done
Event: 1.028 Executing VM operation: HandshakeAllThreads (Deoptimize)
Event: 1.028 Executing VM operation: HandshakeAllThreads (Deoptimize) done
Event: 1.129 Executing VM operation: G1CollectForAllocation (G1 Evacuation Pause)
Event: 1.138 Executing VM operation: G1CollectForAllocation (G1 Evacuation Pause) done
Event: 1.178 Executing VM operation: HandshakeAllThreads (Deoptimize)
Event: 1.178 Executing VM operation: HandshakeAllThreads (Deoptimize) done
Event: 1.228 Executing VM operation: HandshakeAllThreads (Deoptimize)
Event: 1.229 Executing VM operation: HandshakeAllThreads (Deoptimize) done
Event: 1.322 Executing VM operation: HandshakeAllThreads (Deoptimize)
Event: 1.322 Executing VM operation: HandshakeAllThreads (Deoptimize) done
Event: 1.332 Executing VM operation: HandshakeAllThreads (Deoptimize)
Event: 1.342 Executing VM operation: HandshakeAllThreads (Deoptimize) done

Events (14 events):
Event: 0.040 Thread 0x00000294daeacbc0 Thread added: 0x00000294daeacbc0
Event: 0.064 Thread 0x00000294ece22300 Thread added: 0x00000294ece22300
Event: 0.064 Thread 0x00000294ece243e0 Thread added: 0x00000294ece243e0
Event: 0.064 Thread 0x00000294ece272c0 Thread added: 0x00000294ece272c0
Event: 0.065 Thread 0x00000294ece29630 Thread added: 0x00000294ece29630
Event: 0.065 Thread 0x00000294ece2a4b0 Thread added: 0x00000294ece2a4b0
Event: 0.065 Thread 0x00000294ece2af10 Thread added: 0x00000294ece2af10
Event: 0.065 Thread 0x00000294ece2b970 Thread added: 0x00000294ece2b970
Event: 0.232 Thread 0x00000294ecdedf40 Thread added: 0x00000294ecdedf40
Event: 0.540 Thread 0x00000294c555a210 Thread added: 0x00000294c555a210
Event: 0.541 Thread 0x00000294c555f550 Thread added: 0x00000294c555f550
Event: 0.712 Thread 0x00000294c55b24e0 Thread added: 0x00000294c55b24e0
Event: 0.901 Thread 0x00000294c56e8670 Thread added: 0x00000294c56e8670
Event: 1.202 Thread 0x00000294c571a460 Thread added: 0x00000294c571a460


Dynamic libraries:
0x00007ff651750000 - 0x00007ff651760000 	C:\Program Files\Java\jdk-22\bin\java.exe
0x00007ffc17070000 - 0x00007ffc17268000 	C:\Windows\SYSTEM32\ntdll.dll
0x00007ffc15c70000 - 0x00007ffc15d32000 	C:\Windows\System32\KERNEL32.DLL
0x00007ffc14b10000 - 0x00007ffc14e0e000 	C:\Windows\System32\KERNELBASE.dll
0x00007ffc149c0000 - 0x00007ffc14ac0000 	C:\Windows\System32\ucrtbase.dll
0x00007ffc10e20000 - 0x00007ffc10e37000 	C:\Program Files\Java\jdk-22\bin\jli.dll
0x00007ffc10e00000 - 0x00007ffc10e1b000 	C:\Program Files\Java\jdk-22\bin\VCRUNTIME140.dll
0x00007ffc16250000 - 0x00007ffc16302000 	C:\Windows\System32\ADVAPI32.dll
0x00007ffc15d40000 - 0x00007ffc15dde000 	C:\Windows\System32\msvcrt.dll
0x00007ffc15200000 - 0x00007ffc152a0000 	C:\Windows\System32\sechost.dll
0x00007ffc16f00000 - 0x00007ffc17023000 	C:\Windows\System32\RPCRT4.dll
0x00007ffc14990000 - 0x00007ffc149b7000 	C:\Windows\System32\bcrypt.dll
0x00007ffc16d50000 - 0x00007ffc16eed000 	C:\Windows\System32\USER32.dll
0x00007ffc14e80000 - 0x00007ffc14ea2000 	C:\Windows\System32\win32u.dll
0x00007ffc15c40000 - 0x00007ffc15c6b000 	C:\Windows\System32\GDI32.dll
0x00007ffc01e70000 - 0x00007ffc0210a000 	C:\Windows\WinSxS\amd64_microsoft.windows.common-controls_6595b64144ccf1df_6.0.19041.4355_none_60b8b9eb71f62e16\COMCTL32.dll
0x00007ffc14710000 - 0x00007ffc14827000 	C:\Windows\System32\gdi32full.dll
0x00007ffc14f40000 - 0x00007ffc14fdd000 	C:\Windows\System32\msvcp_win.dll
0x00007ffc0d800000 - 0x00007ffc0d80a000 	C:\Windows\SYSTEM32\VERSION.dll
0x00007ffc16c40000 - 0x00007ffc16c6f000 	C:\Windows\System32\IMM32.DLL
0x00007ffc11a60000 - 0x00007ffc11a6c000 	C:\Program Files\Java\jdk-22\bin\vcruntime140_1.dll
0x00007ffbedf10000 - 0x00007ffbedf9e000 	C:\Program Files\Java\jdk-22\bin\msvcp140.dll
0x00007ffbcf310000 - 0x00007ffbd0057000 	C:\Program Files\Java\jdk-22\bin\server\jvm.dll
0x00007ffc16010000 - 0x00007ffc1607b000 	C:\Windows\System32\WS2_32.dll
0x00007ffc13c00000 - 0x00007ffc13c4b000 	C:\Windows\SYSTEM32\POWRPROF.dll
0x00007ffbefde0000 - 0x00007ffbefe07000 	C:\Windows\SYSTEM32\WINMM.dll
0x00007ffc13ad0000 - 0x00007ffc13ae2000 	C:\Windows\SYSTEM32\UMPDC.dll
0x00007ffc12f20000 - 0x00007ffc12f32000 	C:\Windows\SYSTEM32\kernel.appcore.dll
0x00007ffc10980000 - 0x00007ffc1098a000 	C:\Program Files\Java\jdk-22\bin\jimage.dll
0x00007ffc12ce0000 - 0x00007ffc12ec4000 	C:\Windows\SYSTEM32\DBGHELP.DLL
0x00007ffbfdd90000 - 0x00007ffbfddc4000 	C:\Windows\SYSTEM32\dbgcore.DLL
0x00007ffc14eb0000 - 0x00007ffc14f32000 	C:\Windows\System32\bcryptPrimitives.dll
0x00007ffc10970000 - 0x00007ffc1097f000 	C:\Program Files\Java\jdk-22\bin\instrument.dll
0x00007ffc10950000 - 0x00007ffc1096e000 	C:\Program Files\Java\jdk-22\bin\java.dll
0x00007ffc15450000 - 0x00007ffc15bbf000 	C:\Windows\System32\SHELL32.dll
0x00007ffc16340000 - 0x00007ffc1646b000 	C:\Windows\System32\ole32.dll
0x00007ffc168e0000 - 0x00007ffc16c33000 	C:\Windows\System32\combase.dll
0x00007ffc12460000 - 0x00007ffc12c04000 	C:\Windows\SYSTEM32\windows.storage.dll
0x00007ffc14060000 - 0x00007ffc1408e000 	C:\Windows\SYSTEM32\Wldp.dll
0x00007ffc15eb0000 - 0x00007ffc15f7d000 	C:\Windows\System32\OLEAUT32.dll
0x00007ffc16080000 - 0x00007ffc1612d000 	C:\Windows\System32\SHCORE.dll
0x00007ffc151a0000 - 0x00007ffc151f5000 	C:\Windows\System32\shlwapi.dll
0x00007ffc14640000 - 0x00007ffc14664000 	C:\Windows\SYSTEM32\profapi.dll
0x00007ffc0ea50000 - 0x00007ffc0ea67000 	C:\Program Files\Java\jdk-22\bin\zip.dll
0x00007ffc10940000 - 0x00007ffc10950000 	C:\Program Files\Java\jdk-22\bin\net.dll
0x00007ffc13e40000 - 0x00007ffc13eaa000 	C:\Windows\system32\mswsock.dll
0x00007ffc0e240000 - 0x00007ffc0e256000 	C:\Program Files\Java\jdk-22\bin\nio.dll
0x00007ffc0e220000 - 0x00007ffc0e23a000 	D:\IntelliJ IDEA 2024.2.3\bin\breakgen64.dll
0x00007ffc0e5d0000 - 0x00007ffc0e5d9000 	C:\Program Files\Java\jdk-22\bin\extnet.dll
0x00007ffc13b30000 - 0x00007ffc13bfa000 	C:\Windows\SYSTEM32\DNSAPI.dll
0x00007ffc13af0000 - 0x00007ffc13b2b000 	C:\Windows\SYSTEM32\IPHLPAPI.DLL
0x00007ffc16ef0000 - 0x00007ffc16ef8000 	C:\Windows\System32\NSI.dll
0x00007ffc0d410000 - 0x00007ffc0d41a000 	C:\Windows\System32\rasadhlp.dll
0x00007ffc0ae10000 - 0x00007ffc0ae90000 	C:\Windows\System32\fwpuclnt.dll
0x00007ffc0e210000 - 0x00007ffc0e21a000 	C:\Program Files\Java\jdk-22\bin\management.dll
0x00007ffc0e200000 - 0x00007ffc0e20b000 	C:\Program Files\Java\jdk-22\bin\management_ext.dll
0x00007ffc16310000 - 0x00007ffc16318000 	C:\Windows\System32\PSAPI.DLL
0x00007ffc140a0000 - 0x00007ffc140b8000 	C:\Windows\SYSTEM32\CRYPTSP.dll
0x00007ffc13710000 - 0x00007ffc13744000 	C:\Windows\system32\rsaenh.dll
0x00007ffc145c0000 - 0x00007ffc145ee000 	C:\Windows\SYSTEM32\USERENV.dll
0x00007ffc13fd0000 - 0x00007ffc13fdc000 	C:\Windows\SYSTEM32\CRYPTBASE.dll
0x00007ffc09050000 - 0x00007ffc09067000 	C:\Windows\system32\napinsp.dll
0x00007ffc09030000 - 0x00007ffc0904b000 	C:\Windows\system32\pnrpnsp.dll
0x00007ffc10fa0000 - 0x00007ffc10fb5000 	C:\Windows\system32\wshbth.dll
0x00007ffc0eba0000 - 0x00007ffc0ebbd000 	C:\Windows\system32\NLAapi.dll
0x00007ffc09010000 - 0x00007ffc09022000 	C:\Windows\System32\winrnr.dll

dbghelp: loaded successfully - version: 4.0.5 - missing functions: none
symbol engine: initialized successfully - sym options: 0x614 - pdb path: .;C:\Program Files\Java\jdk-22\bin;C:\Windows\SYSTEM32;C:\Windows\WinSxS\amd64_microsoft.windows.common-controls_6595b64144ccf1df_6.0.19041.4355_none_60b8b9eb71f62e16;C:\Program Files\Java\jdk-22\bin\server;D:\IntelliJ IDEA 2024.2.3\bin

VM Arguments:
jvm_args: -XX:TieredStopAtLevel=1 -Dspring.output.ansi.enabled=always -Dcom.sun.management.jmxremote -Dspring.jmx.enabled=true -Dspring.liveBeansView.mbeanDomain -Dspring.application.admin.enabled=true -Dmanagement.endpoints.jmx.exposure.include=* -javaagent:D:\IntelliJ IDEA 2024.2.3\lib\idea_rt.jar=65389:D:\IntelliJ IDEA 2024.2.3\bin -Dfile.encoding=UTF-8 -Dsun.stdout.encoding=UTF-8 -Dsun.stderr.encoding=UTF-8 
java_command: com.example.start.StartApplication
java_class_path (initial): D:\spring\start\target\classes;C:\Users\Admin\.m2\repository\org\springframework\boot\spring-boot-starter-data-jpa\3.3.4\spring-boot-starter-data-jpa-3.3.4.jar;C:\Users\Admin\.m2\repository\org\springframework\boot\spring-boot-starter-aop\3.3.4\spring-boot-starter-aop-3.3.4.jar;C:\Users\Admin\.m2\repository\org\springframework\spring-aop\6.1.13\spring-aop-6.1.13.jar;C:\Users\Admin\.m2\repository\org\aspectj\aspectjweaver\1.9.22.1\aspectjweaver-1.9.22.1.jar;C:\Users\Admin\.m2\repository\org\springframework\boot\spring-boot-starter-jdbc\3.3.4\spring-boot-starter-jdbc-3.3.4.jar;C:\Users\Admin\.m2\repository\com\zaxxer\HikariCP\5.1.0\HikariCP-5.1.0.jar;C:\Users\Admin\.m2\repository\org\springframework\spring-jdbc\6.1.13\spring-jdbc-6.1.13.jar;C:\Users\Admin\.m2\repository\org\hibernate\orm\hibernate-core\6.5.3.Final\hibernate-core-6.5.3.Final.jar;C:\Users\Admin\.m2\repository\jakarta\persistence\jakarta.persistence-api\3.1.0\jakarta.persistence-api-3.1.0.jar;C:\Users\Admin\.m2\repository\jakarta\transaction\jakarta.transaction-api\2.0.1\jakarta.transaction-api-2.0.1.jar;C:\Users\Admin\.m2\repository\org\jboss\logging\jboss-logging\3.5.3.Final\jboss-logging-3.5.3.Final.jar;C:\Users\Admin\.m2\repository\org\hibernate\common\hibernate-commons-annotations\6.0.6.Final\hibernate-commons-annotations-6.0.6.Final.jar;C:\Users\Admin\.m2\repository\io\smallrye\jandex\3.1.2\jandex-3.1.2.jar;C:\Users\Admin\.m2\repository\com\fasterxml\classmate\1.7.0\classmate-1.7.0.jar;C:\Users\Admin\.m2\repository\net\bytebuddy\byte-buddy\1.14.19\byte-buddy-1.14.19.jar;C:\Users\Admin\.m2\repository\org\glassfish\jaxb\jaxb-runtime\4.0.5\jaxb-runtime-4.0.5.jar;C:\Users\Admin\.m2\repository\org\glassfish\jaxb\jaxb-core\4.0.5\jaxb-core-4.0.5.jar;C:\Users\Admin\.m2\repository\org\eclipse\angus\angus-activation\2.0.2\angus-activation-2.0.2.jar;C:\Users\Admin\.m2\repository\org\glassfish\jaxb\txw2\4.0.5\txw2-4.0.5.jar;C:\Users\Admin\.m2\repository\com\sun\istack\istack-commons-runtime\4.1.2\istack-commons-runtime-4.1.2.jar;C:\Users\Admin\.m2\repository\jakarta\inject\jakarta.inject-api\2.0.1\jakarta.inject-api-2.0.1.jar;C:\Users\Admin\.m2\repository\org\antlr\antlr4-runtime\4.13.0\antlr4-runtime-4.13.0.jar;C:\Users\Admin\.m2\repository\org\springframework\data\spring-data-jpa\3.3.4\spring-data-jpa-3.3.4.jar;C:\Users\Admin\.m2\repository\org\springframework\data\spring-data-commons\3.3.4\spring-data-commons-3.3.4.jar;C:\Users\Admin\.m2\repository\org\springframework\spring-orm\6.1.13\spring-orm-6.1.13.jar;C:\Users\Admin\.m2\repository\org\springframework\spring-context\6.1.13\spring-context-6.1.13.jar;C:\Users\Admin\.m2\repository\org\springframework\spring-tx\6.1.13\spring-tx-6.1.13.jar;C:\Users\Admin\.m2\repository\org\springframework\spring-beans\6.1.13\spring-beans-6.1.13.jar;C:\Users\Admin\.m2\repository\jakarta\annotation\jakarta.annotation-api\2.1.1\jakarta.annotation-api-2.1.1.jar;C:\Users\Admin\.m2\repository\org\slf4j\slf4j-api\2.0.16\slf4j-api-2.0.16.jar;C:\Users\Admin\.m2\repository\org\springframework\spring-aspects\6.1.13\spring-aspects-6.1.13.jar;C:\Users\Admin\.m2\repository\org\projectlombok\lombok\1.18.30\lombok-1.18.30.jar;C:\Users\Admin\.m2\repository\org\mapstruct\mapstruct\1.6.0.Beta1\mapstruct-1.6.0.Beta1.jar;C:\Users\Admin\.m2\repository\com\nimbusds\nimbus-jose-jwt\9.30.1\nimbus-jose-jwt-9.30.1.jar;C:\Users\Admin\.m2\repository\com\github\stephenc\jcip\jcip-annotations\1.0-1\jcip-annotations-1.0-1.jar;C:\Users\Admin\.m2\repository\org\springframework\boot\spring-boot-starter-web\3.3.4\spring-boot-starter-web-3.3.4.jar;C:\Users\Admin\.m2\repository\org\springframework\boot\spring-boot-starter\3.3.4\spring-boot-starter-3.3.4.jar;C:\Users\Admin\.m2\repository\org\springframework\boot\spring-boot\3.3.4\spring-boot-3.3.4.jar;C:\Users\Admin\.m2\repository\org\springframework\boot\spring-boot-autoconfigure\3.3.4\spring-boot-autoconfigure-3.3.4.jar;C:\Users\Admin\.m2\repository\org\springframework\boot\spring-boot-starter-logging\3.3.4\spring-boot-starter-logging-3.3.4.jar;C:\Users\Admin\.m2\repository\ch\qos\logback\logback-classic\1.5.8\logback-classic-1.5.8.jar;C:\Users\Admin\.m2\repository\ch\qos\logback\logback-core\1.5.8\logback-core-1.5.8.jar;C:\Users\Admin\.m2\repository\org\apache\logging\log4j\log4j-to-slf4j\2.23.1\log4j-to-slf4j-2.23.1.jar;C:\Users\Admin\.m2\repository\org\apache\logging\log4j\log4j-api\2.23.1\log4j-api-2.23.1.jar;C:\Users\Admin\.m2\repository\org\slf4j\jul-to-slf4j\2.0.16\jul-to-slf4j-2.0.16.jar;C:\Users\Admin\.m2\repository\org\yaml\snakeyaml\2.2\snakeyaml-2.2.jar;C:\Users\Admin\.m2\repository\org\springframework\boot\spring-boot-starter-json\3.3.4\spring-boot-starter-json-3.3.4.jar;C:\Users\Admin\.m2\repository\com\fasterxml\jackson\core\jackson-databind\2.17.2\jackson-databind-2.17.2.jar;C:\Users\Admin\.m2\repository\com\fasterxml\jackson\core\jackson-annotations\2.17.2\jackson-annotations-2.17.2.jar;C:\Users\Admin\.m2\repository\com\fasterxml\jackson\core\jackson-core\2.17.2\jackson-core-2.17.2.jar;C:\Users\Admin\.m2\repository\com\fasterxml\jackson\datatype\jackson-datatype-jdk8\2.17.2\jackson-datatype-jdk8-2.17.2.jar;C:\Users\Admin\.m2\repository\com\fasterxml\jackson\datatype\jackson-datatype-jsr310\2.17.2\jackson-datatype-jsr310-2.17.2.jar;C:\Users\Admin\.m2\repository\com\fasterxml\jackson\module\jackson-module-parameter-names\2.17.2\jackson-module-parameter-names-2.17.2.jar;C:\Users\Admin\.m2\repository\org\springframework\boot\spring-boot-starter-tomcat\3.3.4\spring-boot-starter-tomcat-3.3.4.jar;C:\Users\Admin\.m2\repository\org\apache\tomcat\embed\tomcat-embed-core\10.1.30\tomcat-embed-core-10.1.30.jar;C:\Users\Admin\.m2\repository\org\apache\tomcat\embed\tomcat-embed-websocket\10.1.30\tomcat-embed-websocket-10.1.30.jar;C:\Users\Admin\.m2\repository\org\springframework\spring-web\6.1.13\spring-web-6.1.13.jar;C:\Users\Admin\.m2\repository\io\micrometer\micrometer-observation\1.13.4\micrometer-observation-1.13.4.jar;C:\Users\Admin\.m2\repository\io\micrometer\micrometer-commons\1.13.4\micrometer-commons-1.13.4.jar;C:\Users\Admin\.m2\repository\org\springframework\spring-webmvc\6.1.13\spring-webmvc-6.1.13.jar;C:\Users\Admin\.m2\repository\org\springframework\spring-expression\6.1.13\spring-expression-6.1.13.jar;C:\Users\Admin\.m2\repository\org\springframework\boot\spring-boot-starter-oauth2-resource-server\3.3.4\spring-boot-starter-oauth2-resource-server-3.3.4.jar;C:\Users\Admin\.m2\repository\org\springframework\security\spring-security-config\6.3.3\spring-security-config-6.3.3.jar;C:\Users\Admin\.m2\repository\org\springframework\security\spring-security-core\6.3.3\spring-security-core-6.3.3.jar;C:\Users\Admin\.m2\repository\org\springframework\security\spring-security-oauth2-resource-server\6.3.3\spring-security-oauth2-resource-server-6.3.3.jar;C:\Users\Admin\.m2\repository\org\springframework\security\spring-security-oauth2-core\6.3.3\spring-security-oauth2-core-6.3.3.jar;C:\Users\Admin\.m2\repository\org\springframework\security\spring-security-web\6.3.3\spring-security-web-6.3.3.jar;C:\Users\Admin\.m2\repository\org\springframework\security\spring-security-oauth2-jose\6.3.3\spring-security-oauth2-jose-6.3.3.jar;C:\Users\Admin\.m2\repository\org\springframework\boot\spring-boot-starter-validation\3.3.4\spring-boot-starter-validation-3.3.4.jar;C:\Users\Admin\.m2\repository\org\apache\tomcat\embed\tomcat-embed-el\10.1.30\tomcat-embed-el-10.1.30.jar;C:\Users\Admin\.m2\repository\org\hibernate\validator\hibernate-validator\8.0.1.Final\hibernate-validator-8.0.1.Final.jar;C:\Users\Admin\.m2\repository\jakarta\validation\jakarta.validation-api\3.0.2\jakarta.validation-api-3.0.2.jar;C:\Users\Admin\.m2\repository\org\springframework\security\spring-security-crypto\6.3.3\spring-security-crypto-6.3.3.jar;C:\Users\Admin\.m2\repository\com\mysql\mysql-connector-j\8.3.0\mysql-connector-j-8.3.0.jar;C:\Users\Admin\.m2\repository\jakarta\xml\bind\jakarta.xml.bind-api\4.0.2\jakarta.xml.bind-api-4.0.2.jar;C:\Users\Admin\.m2\repository\jakarta\activation\jakarta.activation-api\2.1.3\jakarta.activation-api-2.1.3.jar;C:\Users\Admin\.m2\repository\org\springframework\spring-core\6.1.13\spring-core-6.1.13.jar;C:\Users\Admin\.m2\repository\org\springframework\spring-jcl\6.1.13\spring-jcl-6.1.13.jar
Launcher Type: SUN_STANDARD

[Global flags]
     intx CICompilerCount                          = 3                                         {product} {ergonomic}
     uint ConcGCThreads                            = 1                                         {product} {ergonomic}
     uint G1ConcRefinementThreads                  = 4                                         {product} {ergonomic}
   size_t G1HeapRegionSize                         = 1048576                                   {product} {ergonomic}
   size_t InitialHeapSize                          = 134217728                                 {product} {ergonomic}
     bool ManagementServer                         = true                                      {product} {command line}
   size_t MarkStackSize                            = 4194304                                   {product} {ergonomic}
   size_t MaxHeapSize                              = 2118123520                                {product} {ergonomic}
   size_t MaxNewSize                               = 1270874112                                {product} {ergonomic}
   size_t MinHeapDeltaBytes                        = 1048576                                   {product} {ergonomic}
   size_t MinHeapSize                              = 8388608                                   {product} {ergonomic}
    uintx NonNMethodCodeHeapSize                   = 4096                                   {pd product} {ergonomic}
    uintx NonProfiledCodeHeapSize                  = 0                                      {pd product} {ergonomic}
     bool ProfileInterpreter                       = false                                  {pd product} {command line}
    uintx ProfiledCodeHeapSize                     = 0                                      {pd product} {ergonomic}
   size_t SoftMaxHeapSize                          = 2118123520                             {manageable} {ergonomic}
     intx TieredStopAtLevel                        = 1                                         {product} {command line}
     bool UseCompressedOops                        = true                           {product lp64_product} {ergonomic}
     bool UseG1GC                                  = true                                      {product} {ergonomic}
     bool UseLargePagesIndividualAllocation        = false                                  {pd product} {ergonomic}

Logging:
Log output configuration:
 #0: stdout all=warning uptime,level,tags foldmultilines=false
 #1: stderr all=off uptime,level,tags foldmultilines=false

Environment Variables:
PATH=C:\Program Files\Common Files\Oracle\Java\javapath;C:\Program Files (x86)\Common Files\Oracle\Java\java8path;C:\Program Files (x86)\Common Files\Oracle\Java\javapath;C:\Windows\system32;C:\Windows;C:\Windows\System32\Wbem;C:\Windows\System32\WindowsPowerShell\v1.0\;C:\Windows\System32\OpenSSH\;C:\Program Files\Git\cmd;C:\Program Files\nodejs\;C:\Program Files\Microsoft SQL Server\Client SDK\ODBC\170\Tools\Binn\;C:\Program Files (x86)\Microsoft SQL Server\160\Tools\Binn\;C:\Program Files\Microsoft SQL Server\160\Tools\Binn\;C:\Program Files\Microsoft SQL Server\160\DTS\Binn\;C:\Program Files (x86)\Microsoft SQL Server\160\DTS\Binn\;C:\Program Files\Microsoft SQL Server\130\Tools\Binn\;C:\Program Files\Microsoft SQL Server\150\Tools\Binn\;C:\Program Files\Docker\Docker\resources\bin;C:\Users\Admin\AppData\Local\Microsoft\WindowsApps;;C:\Users\Admin\AppData\Local\Programs\Microsoft VS Code\bin;C:\Users\Admin\AppData\Roaming\npm
USERNAME=Admin
OS=Windows_NT
PROCESSOR_IDENTIFIER=Intel64 Family 6 Model 142 Stepping 9, GenuineIntel
TMP=C:\Users\Admin\AppData\Local\Temp
TEMP=C:\Users\Admin\AppData\Local\Temp




Periodic native trim disabled

---------------  S Y S T E M  ---------------

OS:
 Windows 10 , 64 bit Build 19041 (10.0.19041.4957)
OS uptime: 0 days 2:15 hours
Hyper-V role detected

CPU: total 4 (initial active 4) (2 cores per cpu, 2 threads per core) family 6 model 142 stepping 9 microcode 0xb4, cx8, cmov, fxsr, ht, mmx, 3dnowpref, sse, sse2, sse3, ssse3, sse4.1, sse4.2, popcnt, lzcnt, tsc, tscinvbit, avx, avx2, aes, erms, clmul, bmi1, bmi2, adx, fma, vzeroupper, clflush, clflushopt, hv, rdtscp, f16c
Processor Information for all 4 processors :
  Max Mhz: 2400, Current Mhz: 2400, Mhz Limit: 2400

Memory: 4k page, system-wide physical 8075M (527M free)
TotalPageFile size 10215M (AvailPageFile size 0M)
current process WorkingSet (physical memory assigned to process): 72M, peak: 72M
current process commit charge ("private bytes"): 215M, peak: 215M

vm_info: Java HotSpot(TM) 64-Bit Server VM (22.0.1+8-16) for windows-amd64 JRE (22.0.1+8-16), built on 2024-03-12T10:33:16Z by "mach5one" with MS VC++ 17.6 (VS2022)

END.
